#
# There is insufficient memory for the Java Runtime Environment to continue.
# Native memory allocation (mmap) failed to map 27262976 bytes for Failed to commit area from 0x0000000089c00000 to 0x000000008b600000 of length 27262976.
# Possible reasons:
#   The system is out of physical RAM or swap space
#   The process is running with CompressedOops enabled, and the Java Heap may be blocking the growth of the native heap
# Possible solutions:
#   Reduce memory load on the system
#   Increase physical memory or swap space
#   Check if swap backing store is full
#   Decrease Java heap size (-Xmx/-Xms)
#   Decrease number of Java threads
#   Decrease Java thread stack sizes (-Xss)
#   Set larger code cache with -XX:ReservedCodeCacheSize=
#   JVM is running with Unscaled Compressed Oops mode in which the Java heap is
#     placed in the first 4GB address space. The Java Heap base address is the
#     maximum limit for the native heap growth. Please use -XX:HeapBaseMinAddress
#     to set the Java Heap base and to place the Java Heap above 4GB virtual address.
# This output file may be truncated or incomplete.
#
#  Out of Memory Error (./open/src/hotspot/os/windows/os_windows.cpp:3287), pid=13992, tid=6652
#
# JRE version: Java(TM) SE Runtime Environment 18.9 (11.0.16.1+1) (build 11.0.16.1+1-LTS-1)
# Java VM: Java HotSpot(TM) 64-Bit Server VM 18.9 (11.0.16.1+1-LTS-1, mixed mode, tiered, compressed oops, g1 gc, windows-amd64)
# No core dump will be written. Minidumps are not enabled by default on client versions of Windows
#

---------------  S U M M A R Y ------------

Command Line: -Dfile.encoding=UTF-8 com.example.demo.MainApplication

Host: Intel(R) Core(TM) i7-4500U CPU @ 1.80GHz, 4 cores, 7G,  Windows 10 , 64 bit Build 18362 (10.0.18362.1500)
Time: Wed Nov 30 01:30:45 2022 Turkey Standard Time elapsed time: 7.774943 seconds (0d 0h 0m 7s)

---------------  T H R E A D  ---------------

Current thread (0x000002367cfe5000):  VMThread "VM Thread" [stack: 0x000000f111500000,0x000000f111600000] [id=6652]

Stack: [0x000000f111500000,0x000000f111600000]
[error occurred during error reporting (printing stack bounds), id 0xc0000005, EXCEPTION_ACCESS_VIOLATION (0xc0000005) at pc=0x0000023666fc0f2d]

Native frames: (J=compiled Java code, j=interpreted, Vv=VM code, C=native code)
V  [jvm.dll+0x62a3da]
V  [jvm.dll+0x76407f]
V  [jvm.dll+0x765729]
V  [jvm.dll+0x765d15]
V  [jvm.dll+0x765ccb]
V  [jvm.dll+0x6298c3]
V  [jvm.dll+0x629fd8]
C  [ntdll.dll+0xa1fff]
C  [ntdll.dll+0x6aad9]
C  [ntdll.dll+0xa0c6e]
C  0x0000023666fc0f2d

VM_Operation (0x000000f1110fa790): G1CollectForAllocation, mode: safepoint, requested by thread 0x000002365f942800


---------------  P R O C E S S  ---------------

Threads class SMR info:
_java_thread_list=0x000002360136f370, length=11, elements={
0x000002365f942800, 0x000002367cfe7800, 0x000002367d015800, 0x000002367d86f000,
0x000002367d871800, 0x000002367d872800, 0x000002367d873800, 0x000002367d8e0000,
0x000002367d8e8000, 0x000002367d9fe800, 0x00000236021b2800
}

Java Threads: ( => current thread )
  0x000002365f942800 JavaThread "main" [_thread_blocked, id=12584, stack(0x000000f111000000,0x000000f111100000)]
  0x000002367cfe7800 JavaThread "Reference Handler" daemon [_thread_blocked, id=13480, stack(0x000000f111600000,0x000000f111700000)]
  0x000002367d015800 JavaThread "Finalizer" daemon [_thread_blocked, id=14556, stack(0x000000f111700000,0x000000f111800000)]
  0x000002367d86f000 JavaThread "Signal Dispatcher" daemon [_thread_blocked, id=6264, stack(0x000000f111800000,0x000000f111900000)]
  0x000002367d871800 JavaThread "Attach Listener" daemon [_thread_blocked, id=5528, stack(0x000000f111900000,0x000000f111a00000)]
  0x000002367d872800 JavaThread "Service Thread" daemon [_thread_blocked, id=13376, stack(0x000000f111a00000,0x000000f111b00000)]
  0x000002367d873800 JavaThread "C2 CompilerThread0" daemon [_thread_blocked, id=10988, stack(0x000000f111b00000,0x000000f111c00000)]
  0x000002367d8e0000 JavaThread "C1 CompilerThread0" daemon [_thread_blocked, id=10196, stack(0x000000f111c00000,0x000000f111d00000)]
  0x000002367d8e8000 JavaThread "Sweeper thread" daemon [_thread_blocked, id=13268, stack(0x000000f111d00000,0x000000f111e00000)]
  0x000002367d9fe800 JavaThread "Common-Cleaner" daemon [_thread_blocked, id=14192, stack(0x000000f111f00000,0x000000f112000000)]
  0x00000236021b2800 JavaThread "C2 CompilerThread1" daemon [_thread_blocked, id=13688, stack(0x000000f112000000,0x000000f112100000)]

Other Threads:
=>0x000002367cfe5000 VMThread "VM Thread" [stack: 0x000000f111500000,0x000000f111600000] [id=6652]
  0x000002367d9fd800 WatcherThread [stack: 0x000000f111e00000,0x000000f111f00000] [id=12764]
  0x000002365f959800 GCTaskThread "GC Thread#0" [stack: 0x000000f110f00000,0x000000f111000000] [id=15024]
  0x000002367e114800 GCTaskThread "GC Thread#1" [stack: 0x000000f112100000,0x000000f112200000] [id=9004]
  0x000002367e115000 GCTaskThread "GC Thread#2" [stack: 0x000000f112200000,0x000000f112300000] [id=14300]
  0x000002367e7c1000 GCTaskThread "GC Thread#3" [stack: 0x000000f112500000,0x000000f112600000] [id=13708]
  0x000002365f98a000 ConcurrentGCThread "G1 Main Marker" [stack: 0x000000f111100000,0x000000f111200000] [id=8676]
  0x000002365f98b000 ConcurrentGCThread "G1 Conc#0" [stack: 0x000000f111200000,0x000000f111300000] [id=13664]
  0x000002367ce4c800 ConcurrentGCThread "G1 Refine#0" [stack: 0x000000f111300000,0x000000f111400000] [id=14664]
  0x000002367dc43800 ConcurrentGCThread "G1 Refine#1" [stack: 0x000000f112300000,0x000000f112400000] [id=8780]
  0x000002367ce4d000 ConcurrentGCThread "G1 Young RemSet Sampling" [stack: 0x000000f111400000,0x000000f111500000] [id=14436]

Threads with active compile tasks:
C2 CompilerThread0     9896 3024       4       org.springframework.core.ResolvableType::as (86 bytes)
C2 CompilerThread1     9896 3025       4       org.springframework.beans.factory.support.AbstractBeanFactory::isTypeMatch (607 bytes)

VM state:at safepoint (normal execution)

VM Mutex/Monitor currently owned by a thread:  ([mutex/lock_event])
[0x000002365f93e630] Threads_lock - owner thread: 0x000002367cfe5000
[0x000002365f93f8c0] Heap_lock - owner thread: 0x000002365f942800

Heap address: 0x0000000081c00000, size: 2020 MB, Compressed Oops mode: 32-bit
Narrow klass base: 0x0000000000000000, Narrow klass shift: 3
Compressed class space size: 1073741824 Address: 0x0000000100000000

Heap:
 garbage-first heap   total 157696K, used 12449K [0x0000000081c00000, 0x0000000100000000)
  region size 1024K, 6 young (6144K), 6 survivors (6144K)
 Metaspace       used 31850K, capacity 32648K, committed 32816K, reserved 1077248K
  class space    used 3808K, capacity 4135K, committed 4224K, reserved 1048576K
Heap Regions: E=young(eden), S=young(survivor), O=old, HS=humongous(starts), HC=humongous(continues), CS=collection set, F=free, A=archive, TAMS=top-at-mark-start (previous, next)
|   0|0x0000000081c00000, 0x0000000081d00000, 0x0000000081d00000|100%|HS|  |TAMS 0x0000000081d00000, 0x0000000081c00000| Complete 
|   1|0x0000000081d00000, 0x0000000081e00000, 0x0000000081e00000|100%| O|  |TAMS 0x0000000081e00000, 0x0000000081d00000| Untracked 
|   2|0x0000000081e00000, 0x0000000081f00000, 0x0000000081f00000|100%| O|  |TAMS 0x0000000081f00000, 0x0000000081e00000| Untracked 
|   3|0x0000000081f00000, 0x0000000082000000, 0x0000000082000000|100%| O|  |TAMS 0x0000000082000000, 0x0000000081f00000| Untracked 
|   4|0x0000000082000000, 0x0000000082100000, 0x0000000082100000|100%| O|  |TAMS 0x0000000082100000, 0x0000000082000000| Untracked 
|   5|0x0000000082100000, 0x0000000082200000, 0x0000000082200000|100%| O|  |TAMS 0x00000000821fa200, 0x0000000082100000| Untracked 
|   6|0x0000000082200000, 0x0000000082269a00, 0x0000000082300000| 41%| O|  |TAMS 0x0000000082200000, 0x0000000082200000| Untracked 
|   7|0x0000000082300000, 0x0000000082300000, 0x0000000082400000|  0%| F|  |TAMS 0x0000000082300000, 0x0000000082300000| Untracked 
|   8|0x0000000082400000, 0x0000000082400000, 0x0000000082500000|  0%| F|  |TAMS 0x0000000082400000, 0x0000000082400000| Untracked 
|   9|0x0000000082500000, 0x0000000082500000, 0x0000000082600000|  0%| F|  |TAMS 0x0000000082500000, 0x0000000082500000| Untracked 
|  10|0x0000000082600000, 0x0000000082600000, 0x0000000082700000|  0%| F|  |TAMS 0x0000000082600000, 0x0000000082600000| Untracked 
|  11|0x0000000082700000, 0x0000000082700000, 0x0000000082800000|  0%| F|  |TAMS 0x0000000082700000, 0x0000000082700000| Untracked 
|  12|0x0000000082800000, 0x0000000082800000, 0x0000000082900000|  0%| F|  |TAMS 0x0000000082800000, 0x0000000082800000| Untracked 
|  13|0x0000000082900000, 0x0000000082900000, 0x0000000082a00000|  0%| F|  |TAMS 0x0000000082900000, 0x0000000082900000| Untracked 
|  14|0x0000000082a00000, 0x0000000082a00000, 0x0000000082b00000|  0%| F|  |TAMS 0x0000000082a00000, 0x0000000082a00000| Untracked 
|  15|0x0000000082b00000, 0x0000000082b00000, 0x0000000082c00000|  0%| F|  |TAMS 0x0000000082b00000, 0x0000000082b00000| Untracked 
|  16|0x0000000082c00000, 0x0000000082c00000, 0x0000000082d00000|  0%| F|  |TAMS 0x0000000082c00000, 0x0000000082c00000| Untracked 
|  17|0x0000000082d00000, 0x0000000082d00000, 0x0000000082e00000|  0%| F|  |TAMS 0x0000000082d00000, 0x0000000082d00000| Untracked 
|  18|0x0000000082e00000, 0x0000000082e00000, 0x0000000082f00000|  0%| F|  |TAMS 0x0000000082e00000, 0x0000000082e00000| Untracked 
|  19|0x0000000082f00000, 0x0000000082f00000, 0x0000000083000000|  0%| F|  |TAMS 0x0000000082f00000, 0x0000000082f00000| Untracked 
|  20|0x0000000083000000, 0x0000000083000000, 0x0000000083100000|  0%| F|  |TAMS 0x0000000083000000, 0x0000000083000000| Untracked 
|  21|0x0000000083100000, 0x0000000083100000, 0x0000000083200000|  0%| F|  |TAMS 0x0000000083100000, 0x0000000083100000| Untracked 
|  22|0x0000000083200000, 0x0000000083200000, 0x0000000083300000|  0%| F|  |TAMS 0x0000000083200000, 0x0000000083200000| Untracked 
|  23|0x0000000083300000, 0x0000000083300000, 0x0000000083400000|  0%| F|  |TAMS 0x0000000083300000, 0x0000000083300000| Untracked 
|  24|0x0000000083400000, 0x0000000083400000, 0x0000000083500000|  0%| F|  |TAMS 0x0000000083400000, 0x0000000083400000| Untracked 
|  25|0x0000000083500000, 0x0000000083500000, 0x0000000083600000|  0%| F|  |TAMS 0x0000000083500000, 0x0000000083500000| Untracked 
|  26|0x0000000083600000, 0x0000000083600000, 0x0000000083700000|  0%| F|  |TAMS 0x0000000083600000, 0x0000000083600000| Untracked 
|  27|0x0000000083700000, 0x0000000083700000, 0x0000000083800000|  0%| F|  |TAMS 0x0000000083700000, 0x0000000083700000| Untracked 
|  28|0x0000000083800000, 0x0000000083800000, 0x0000000083900000|  0%| F|  |TAMS 0x0000000083800000, 0x0000000083800000| Untracked 
|  29|0x0000000083900000, 0x0000000083900000, 0x0000000083a00000|  0%| F|  |TAMS 0x0000000083900000, 0x0000000083900000| Untracked 
|  30|0x0000000083a00000, 0x0000000083a00000, 0x0000000083b00000|  0%| F|  |TAMS 0x0000000083a00000, 0x0000000083a00000| Untracked 
|  31|0x0000000083b00000, 0x0000000083b00000, 0x0000000083c00000|  0%| F|  |TAMS 0x0000000083b00000, 0x0000000083b00000| Untracked 
|  32|0x0000000083c00000, 0x0000000083c00000, 0x0000000083d00000|  0%| F|  |TAMS 0x0000000083c00000, 0x0000000083c00000| Untracked 
|  33|0x0000000083d00000, 0x0000000083d00000, 0x0000000083e00000|  0%| F|  |TAMS 0x0000000083d00000, 0x0000000083d00000| Untracked 
|  34|0x0000000083e00000, 0x0000000083e00000, 0x0000000083f00000|  0%| F|  |TAMS 0x0000000083e00000, 0x0000000083e00000| Untracked 
|  35|0x0000000083f00000, 0x0000000083f00000, 0x0000000084000000|  0%| F|  |TAMS 0x0000000083f00000, 0x0000000083f00000| Untracked 
|  36|0x0000000084000000, 0x0000000084000000, 0x0000000084100000|  0%| F|  |TAMS 0x0000000084000000, 0x0000000084000000| Untracked 
|  37|0x0000000084100000, 0x0000000084100000, 0x0000000084200000|  0%| F|  |TAMS 0x0000000084100000, 0x0000000084100000| Untracked 
|  38|0x0000000084200000, 0x0000000084200000, 0x0000000084300000|  0%| F|  |TAMS 0x0000000084200000, 0x0000000084200000| Untracked 
|  39|0x0000000084300000, 0x0000000084300000, 0x0000000084400000|  0%| F|  |TAMS 0x0000000084300000, 0x0000000084300000| Untracked 
|  40|0x0000000084400000, 0x0000000084400000, 0x0000000084500000|  0%| F|  |TAMS 0x0000000084400000, 0x0000000084400000| Untracked 
|  41|0x0000000084500000, 0x0000000084500000, 0x0000000084600000|  0%| F|  |TAMS 0x0000000084500000, 0x0000000084500000| Untracked 
|  42|0x0000000084600000, 0x0000000084600000, 0x0000000084700000|  0%| F|  |TAMS 0x0000000084600000, 0x0000000084600000| Untracked 
|  43|0x0000000084700000, 0x0000000084700000, 0x0000000084800000|  0%| F|  |TAMS 0x0000000084700000, 0x0000000084700000| Untracked 
|  44|0x0000000084800000, 0x0000000084800000, 0x0000000084900000|  0%| F|  |TAMS 0x0000000084800000, 0x0000000084800000| Untracked 
|  45|0x0000000084900000, 0x0000000084900000, 0x0000000084a00000|  0%| F|  |TAMS 0x0000000084900000, 0x0000000084900000| Untracked 
|  46|0x0000000084a00000, 0x0000000084a00000, 0x0000000084b00000|  0%| F|  |TAMS 0x0000000084a00000, 0x0000000084a00000| Untracked 
|  47|0x0000000084b00000, 0x0000000084b00000, 0x0000000084c00000|  0%| F|  |TAMS 0x0000000084b00000, 0x0000000084b00000| Untracked 
|  48|0x0000000084c00000, 0x0000000084c00000, 0x0000000084d00000|  0%| F|  |TAMS 0x0000000084c00000, 0x0000000084c00000| Untracked 
|  49|0x0000000084d00000, 0x0000000084d00000, 0x0000000084e00000|  0%| F|  |TAMS 0x0000000084d00000, 0x0000000084d00000| Untracked 
|  50|0x0000000084e00000, 0x0000000084e00000, 0x0000000084f00000|  0%| F|  |TAMS 0x0000000084e00000, 0x0000000084e00000| Untracked 
|  51|0x0000000084f00000, 0x0000000084f00000, 0x0000000085000000|  0%| F|  |TAMS 0x0000000084f00000, 0x0000000084f00000| Untracked 
|  52|0x0000000085000000, 0x0000000085000000, 0x0000000085100000|  0%| F|  |TAMS 0x0000000085000000, 0x0000000085000000| Untracked 
|  53|0x0000000085100000, 0x0000000085100000, 0x0000000085200000|  0%| F|  |TAMS 0x0000000085100000, 0x0000000085100000| Untracked 
|  54|0x0000000085200000, 0x0000000085200000, 0x0000000085300000|  0%| F|  |TAMS 0x0000000085200000, 0x0000000085200000| Untracked 
|  55|0x0000000085300000, 0x0000000085300000, 0x0000000085400000|  0%| F|  |TAMS 0x0000000085300000, 0x0000000085300000| Untracked 
|  56|0x0000000085400000, 0x0000000085400000, 0x0000000085500000|  0%| F|  |TAMS 0x0000000085400000, 0x0000000085400000| Untracked 
|  57|0x0000000085500000, 0x0000000085500000, 0x0000000085600000|  0%| F|  |TAMS 0x0000000085500000, 0x0000000085500000| Untracked 
|  58|0x0000000085600000, 0x0000000085600000, 0x0000000085700000|  0%| F|  |TAMS 0x0000000085600000, 0x0000000085600000| Untracked 
|  59|0x0000000085700000, 0x0000000085700000, 0x0000000085800000|  0%| F|  |TAMS 0x0000000085700000, 0x0000000085700000| Untracked 
|  60|0x0000000085800000, 0x0000000085800000, 0x0000000085900000|  0%| F|  |TAMS 0x0000000085800000, 0x0000000085800000| Untracked 
|  61|0x0000000085900000, 0x00000000859bece0, 0x0000000085a00000| 74%| S|CS|TAMS 0x0000000085900000, 0x0000000085900000| Complete 
|  62|0x0000000085a00000, 0x0000000085b00000, 0x0000000085b00000|100%| S|CS|TAMS 0x0000000085a00000, 0x0000000085a00000| Complete 
|  63|0x0000000085b00000, 0x0000000085c00000, 0x0000000085c00000|100%| S|CS|TAMS 0x0000000085b00000, 0x0000000085b00000| Complete 
|  64|0x0000000085c00000, 0x0000000085d00000, 0x0000000085d00000|100%| S|CS|TAMS 0x0000000085c00000, 0x0000000085c00000| Complete 
|  65|0x0000000085d00000, 0x0000000085e00000, 0x0000000085e00000|100%| S|CS|TAMS 0x0000000085d00000, 0x0000000085d00000| Complete 
|  66|0x0000000085e00000, 0x0000000085f00000, 0x0000000085f00000|100%| S|CS|TAMS 0x0000000085e00000, 0x0000000085e00000| Complete 
|  67|0x0000000085f00000, 0x0000000085f00000, 0x0000000086000000|  0%| F|  |TAMS 0x0000000085f00000, 0x0000000085f00000| Untracked 
|  68|0x0000000086000000, 0x0000000086000000, 0x0000000086100000|  0%| F|  |TAMS 0x0000000086000000, 0x0000000086000000| Untracked 
|  69|0x0000000086100000, 0x0000000086100000, 0x0000000086200000|  0%| F|  |TAMS 0x0000000086100000, 0x0000000086100000| Untracked 
|  70|0x0000000086200000, 0x0000000086200000, 0x0000000086300000|  0%| F|  |TAMS 0x0000000086200000, 0x0000000086200000| Untracked 
|  71|0x0000000086300000, 0x0000000086300000, 0x0000000086400000|  0%| F|  |TAMS 0x0000000086300000, 0x0000000086300000| Untracked 
|  72|0x0000000086400000, 0x0000000086400000, 0x0000000086500000|  0%| F|  |TAMS 0x0000000086400000, 0x0000000086400000| Untracked 
|  73|0x0000000086500000, 0x0000000086500000, 0x0000000086600000|  0%| F|  |TAMS 0x0000000086500000, 0x0000000086500000| Untracked 
|  74|0x0000000086600000, 0x0000000086600000, 0x0000000086700000|  0%| F|  |TAMS 0x0000000086600000, 0x0000000086600000| Untracked 
|  75|0x0000000086700000, 0x0000000086700000, 0x0000000086800000|  0%| F|  |TAMS 0x0000000086700000, 0x0000000086700000| Untracked 
|  76|0x0000000086800000, 0x0000000086800000, 0x0000000086900000|  0%| F|  |TAMS 0x0000000086800000, 0x0000000086800000| Untracked 
|  77|0x0000000086900000, 0x0000000086900000, 0x0000000086a00000|  0%| F|  |TAMS 0x0000000086900000, 0x0000000086900000| Untracked 
|  78|0x0000000086a00000, 0x0000000086a00000, 0x0000000086b00000|  0%| F|  |TAMS 0x0000000086a00000, 0x0000000086a00000| Untracked 
|  79|0x0000000086b00000, 0x0000000086b00000, 0x0000000086c00000|  0%| F|  |TAMS 0x0000000086b00000, 0x0000000086b00000| Untracked 
|  80|0x0000000086c00000, 0x0000000086c00000, 0x0000000086d00000|  0%| F|  |TAMS 0x0000000086c00000, 0x0000000086c00000| Untracked 
|  81|0x0000000086d00000, 0x0000000086d00000, 0x0000000086e00000|  0%| F|  |TAMS 0x0000000086d00000, 0x0000000086d00000| Untracked 
|  82|0x0000000086e00000, 0x0000000086e00000, 0x0000000086f00000|  0%| F|  |TAMS 0x0000000086e00000, 0x0000000086e00000| Untracked 
|  83|0x0000000086f00000, 0x0000000086f00000, 0x0000000087000000|  0%| F|  |TAMS 0x0000000086f00000, 0x0000000086f00000| Untracked 
|  84|0x0000000087000000, 0x0000000087000000, 0x0000000087100000|  0%| F|  |TAMS 0x0000000087000000, 0x0000000087000000| Untracked 
|  85|0x0000000087100000, 0x0000000087100000, 0x0000000087200000|  0%| F|  |TAMS 0x0000000087100000, 0x0000000087100000| Untracked 
|  86|0x0000000087200000, 0x0000000087200000, 0x0000000087300000|  0%| F|  |TAMS 0x0000000087200000, 0x0000000087200000| Untracked 
|  87|0x0000000087300000, 0x0000000087300000, 0x0000000087400000|  0%| F|  |TAMS 0x0000000087300000, 0x0000000087300000| Untracked 
|  88|0x0000000087400000, 0x0000000087400000, 0x0000000087500000|  0%| F|  |TAMS 0x0000000087400000, 0x0000000087400000| Untracked 
|  89|0x0000000087500000, 0x0000000087500000, 0x0000000087600000|  0%| F|  |TAMS 0x0000000087500000, 0x0000000087500000| Untracked 
|  90|0x0000000087600000, 0x0000000087600000, 0x0000000087700000|  0%| F|  |TAMS 0x0000000087600000, 0x0000000087600000| Untracked 
|  91|0x0000000087700000, 0x0000000087700000, 0x0000000087800000|  0%| F|  |TAMS 0x0000000087700000, 0x0000000087700000| Untracked 
|  92|0x0000000087800000, 0x0000000087800000, 0x0000000087900000|  0%| F|  |TAMS 0x0000000087800000, 0x0000000087800000| Untracked 
|  93|0x0000000087900000, 0x0000000087900000, 0x0000000087a00000|  0%| F|  |TAMS 0x0000000087900000, 0x0000000087900000| Untracked 
|  94|0x0000000087a00000, 0x0000000087a00000, 0x0000000087b00000|  0%| F|  |TAMS 0x0000000087a00000, 0x0000000087a00000| Untracked 
|  95|0x0000000087b00000, 0x0000000087b00000, 0x0000000087c00000|  0%| F|  |TAMS 0x0000000087b00000, 0x0000000087b00000| Untracked 
|  96|0x0000000087c00000, 0x0000000087c00000, 0x0000000087d00000|  0%| F|  |TAMS 0x0000000087c00000, 0x0000000087c00000| Untracked 
|  97|0x0000000087d00000, 0x0000000087d00000, 0x0000000087e00000|  0%| F|  |TAMS 0x0000000087d00000, 0x0000000087d00000| Untracked 
|  98|0x0000000087e00000, 0x0000000087e00000, 0x0000000087f00000|  0%| F|  |TAMS 0x0000000087e00000, 0x0000000087e00000| Untracked 
|  99|0x0000000087f00000, 0x0000000087f00000, 0x0000000088000000|  0%| F|  |TAMS 0x0000000087f00000, 0x0000000087f00000| Untracked 
| 100|0x0000000088000000, 0x0000000088000000, 0x0000000088100000|  0%| F|  |TAMS 0x0000000088000000, 0x0000000088000000| Untracked 
| 101|0x0000000088100000, 0x0000000088100000, 0x0000000088200000|  0%| F|  |TAMS 0x0000000088100000, 0x0000000088100000| Untracked 
| 102|0x0000000088200000, 0x0000000088200000, 0x0000000088300000|  0%| F|  |TAMS 0x0000000088200000, 0x0000000088200000| Untracked 
| 103|0x0000000088300000, 0x0000000088300000, 0x0000000088400000|  0%| F|  |TAMS 0x0000000088300000, 0x0000000088300000| Untracked 
| 104|0x0000000088400000, 0x0000000088400000, 0x0000000088500000|  0%| F|  |TAMS 0x0000000088400000, 0x0000000088400000| Untracked 
| 105|0x0000000088500000, 0x0000000088500000, 0x0000000088600000|  0%| F|  |TAMS 0x0000000088500000, 0x0000000088500000| Untracked 
| 106|0x0000000088600000, 0x0000000088600000, 0x0000000088700000|  0%| F|  |TAMS 0x0000000088600000, 0x0000000088600000| Untracked 
| 107|0x0000000088700000, 0x0000000088700000, 0x0000000088800000|  0%| F|  |TAMS 0x0000000088700000, 0x0000000088700000| Untracked 
| 108|0x0000000088800000, 0x0000000088800000, 0x0000000088900000|  0%| F|  |TAMS 0x0000000088800000, 0x0000000088800000| Untracked 
| 109|0x0000000088900000, 0x0000000088900000, 0x0000000088a00000|  0%| F|  |TAMS 0x0000000088900000, 0x0000000088900000| Untracked 
| 110|0x0000000088a00000, 0x0000000088a00000, 0x0000000088b00000|  0%| F|  |TAMS 0x0000000088a00000, 0x0000000088a00000| Untracked 
| 111|0x0000000088b00000, 0x0000000088b00000, 0x0000000088c00000|  0%| F|  |TAMS 0x0000000088b00000, 0x0000000088b00000| Untracked 
| 112|0x0000000088c00000, 0x0000000088c00000, 0x0000000088d00000|  0%| F|  |TAMS 0x0000000088c00000, 0x0000000088c00000| Untracked 
| 113|0x0000000088d00000, 0x0000000088d00000, 0x0000000088e00000|  0%| F|  |TAMS 0x0000000088d00000, 0x0000000088d00000| Untracked 
| 114|0x0000000088e00000, 0x0000000088e00000, 0x0000000088f00000|  0%| F|  |TAMS 0x0000000088e00000, 0x0000000088e00000| Untracked 
| 115|0x0000000088f00000, 0x0000000088f00000, 0x0000000089000000|  0%| F|  |TAMS 0x0000000088f00000, 0x0000000088f00000| Untracked 
| 116|0x0000000089000000, 0x0000000089000000, 0x0000000089100000|  0%| F|  |TAMS 0x0000000089000000, 0x0000000089000000| Untracked 
| 117|0x0000000089100000, 0x0000000089100000, 0x0000000089200000|  0%| F|  |TAMS 0x0000000089100000, 0x0000000089100000| Untracked 
| 118|0x0000000089200000, 0x0000000089200000, 0x0000000089300000|  0%| F|  |TAMS 0x0000000089200000, 0x0000000089200000| Untracked 
| 119|0x0000000089300000, 0x0000000089300000, 0x0000000089400000|  0%| F|  |TAMS 0x0000000089300000, 0x0000000089300000| Untracked 
| 120|0x0000000089400000, 0x0000000089400000, 0x0000000089500000|  0%| F|  |TAMS 0x0000000089400000, 0x0000000089400000| Untracked 
| 121|0x0000000089500000, 0x0000000089500000, 0x0000000089600000|  0%| F|  |TAMS 0x0000000089500000, 0x0000000089500000| Untracked 
| 122|0x0000000089600000, 0x0000000089600000, 0x0000000089700000|  0%| F|  |TAMS 0x0000000089600000, 0x0000000089600000| Untracked 
| 123|0x0000000089700000, 0x0000000089700000, 0x0000000089800000|  0%| F|  |TAMS 0x0000000089700000, 0x0000000089700000| Untracked 
| 124|0x0000000089800000, 0x0000000089800000, 0x0000000089900000|  0%| F|  |TAMS 0x0000000089800000, 0x0000000089800000| Untracked 
| 125|0x0000000089900000, 0x0000000089900000, 0x0000000089a00000|  0%| F|  |TAMS 0x0000000089900000, 0x0000000089900000| Untracked 
| 126|0x0000000089a00000, 0x0000000089a00000, 0x0000000089b00000|  0%| F|  |TAMS 0x0000000089a00000, 0x0000000089a00000| Untracked 
| 127|0x0000000089b00000, 0x0000000089b00000, 0x0000000089c00000|  0%| F|  |TAMS 0x0000000089b00000, 0x0000000089b00000| Untracked 

Card table byte_map: [0x00000236763c0000,0x00000236767c0000] _byte_map_base: 0x0000023675fb2000

Marking Bits (Prev, Next): (CMBitMap*) 0x000002365f9815b0, (CMBitMap*) 0x000002365f981578
 Prev Bits: [0x0000023678b50000, 0x000002367aae0000)
 Next Bits: [0x0000023676bc0000, 0x0000023678b50000)

Polling page: 0x000002365d7c0000

Metaspace:

Usage:
  Non-class:     27.84 MB capacity,    27.38 MB ( 98%) used,   382.77 KB (  1%) free+waste,    88.38 KB ( <1%) overhead. 
      Class:      4.04 MB capacity,     3.72 MB ( 92%) used,   282.55 KB (  7%) free+waste,    43.94 KB (  1%) overhead. 
       Both:     31.88 MB capacity,    31.10 MB ( 98%) used,   665.31 KB (  2%) free+waste,   132.31 KB ( <1%) overhead. 

Virtual space:
  Non-class space:       28.00 MB reserved,      27.92 MB (>99%) committed 
      Class space:        1.00 GB reserved,       4.13 MB ( <1%) committed 
             Both:        1.03 GB reserved,      32.05 MB (  3%) committed 

Chunk freelists:
   Non-Class:  1.88 KB
       Class:  3.13 KB
        Both:  5.00 KB

CodeHeap 'non-profiled nmethods': size=120064Kb used=1457Kb max_used=1457Kb free=118606Kb
 bounds [0x000002366ea80000, 0x000002366ecf0000, 0x0000023675fc0000]
CodeHeap 'profiled nmethods': size=120000Kb used=6693Kb max_used=6693Kb free=113306Kb
 bounds [0x0000023667550000, 0x0000023667be0000, 0x000002366ea80000]
CodeHeap 'non-nmethods': size=5696Kb used=1133Kb max_used=1181Kb free=4563Kb
 bounds [0x0000023666fc0000, 0x0000023667230000, 0x0000023667550000]
 total_blobs=3504 nmethods=3047 adapters=367
 compilation: enabled
              stopped_count=0, restarted_count=0
 full_count=0

Compilation events (10 events):
Event: 7.464 Thread 0x000002367d8e0000 3053       3       org.springframework.asm.Frame::merge (317 bytes)
Event: 7.465 Thread 0x000002367d8e0000 nmethod 3053 0x0000023667bd7890 code [0x0000023667bd7aa0, 0x0000023667bd83a8]
Event: 7.465 Thread 0x000002367d8e0000 3055       3       org.springframework.asm.SymbolTable::get (13 bytes)
Event: 7.465 Thread 0x000002367d8e0000 nmethod 3055 0x0000023667bd8590 code [0x0000023667bd8720, 0x0000023667bd8878]
Event: 7.465 Thread 0x000002367d8e0000 3057       3       org.springframework.asm.ByteVector::putShort (52 bytes)
Event: 7.466 Thread 0x000002367d8e0000 nmethod 3057 0x0000023667bd8990 code [0x0000023667bd8b40, 0x0000023667bd8d48]
Event: 7.466 Thread 0x000002367d8e0000 3056       3       org.springframework.asm.SymbolTable::hash (10 bytes)
Event: 7.466 Thread 0x000002367d8e0000 nmethod 3056 0x0000023667bd8e90 code [0x0000023667bd9040, 0x0000023667bd9168]
Event: 7.466 Thread 0x000002367d8e0000 3054       3       org.springframework.asm.Label::getCanonicalInstance (19 bytes)
Event: 7.466 Thread 0x000002367d8e0000 nmethod 3054 0x0000023667bd9290 code [0x0000023667bd9420, 0x0000023667bd9578]

GC Heap History (10 events):
Event: 1.247 GC heap after
{Heap after GC invocations=1 (full 0):
 garbage-first heap   total 131072K, used 6130K [0x0000000081c00000, 0x0000000100000000)
  region size 1024K, 2 young (2048K), 2 survivors (2048K)
 Metaspace       used 9264K, capacity 9396K, committed 9600K, reserved 1058816K
  class space    used 846K, capacity 878K, committed 896K, reserved 1048576K
}
Event: 1.634 GC heap before
{Heap before GC invocations=1 (full 0):
 garbage-first heap   total 131072K, used 14322K [0x0000000081c00000, 0x0000000100000000)
  region size 1024K, 10 young (10240K), 2 survivors (2048K)
 Metaspace       used 11503K, capacity 11728K, committed 12032K, reserved 1060864K
  class space    used 1139K, capacity 1217K, committed 1280K, reserved 1048576K
}
Event: 1.639 GC heap after
{Heap after GC invocations=2 (full 0):
 garbage-first heap   total 131072K, used 6662K [0x0000000081c00000, 0x0000000100000000)
  region size 1024K, 1 young (1024K), 1 survivors (1024K)
 Metaspace       used 11503K, capacity 11728K, committed 12032K, reserved 1060864K
  class space    used 1139K, capacity 1217K, committed 1280K, reserved 1048576K
}
Event: 2.448 GC heap before
{Heap before GC invocations=2 (full 0):
 garbage-first heap   total 131072K, used 31238K [0x0000000081c00000, 0x0000000100000000)
  region size 1024K, 26 young (26624K), 1 survivors (1024K)
 Metaspace       used 17566K, capacity 17969K, committed 18304K, reserved 1064960K
  class space    used 1916K, capacity 2076K, committed 2176K, reserved 1048576K
}
Event: 2.467 GC heap after
{Heap after GC invocations=3 (full 0):
 garbage-first heap   total 131072K, used 7950K [0x0000000081c00000, 0x0000000100000000)
  region size 1024K, 2 young (2048K), 2 survivors (2048K)
 Metaspace       used 17566K, capacity 17969K, committed 18304K, reserved 1064960K
  class space    used 1916K, capacity 2076K, committed 2176K, reserved 1048576K
}
Event: 2.853 GC heap before
{Heap before GC invocations=3 (full 0):
 garbage-first heap   total 131072K, used 30478K [0x0000000081c00000, 0x0000000100000000)
  region size 1024K, 25 young (25600K), 2 survivors (2048K)
 Metaspace       used 20767K, capacity 21172K, committed 21296K, reserved 1069056K
  class space    used 2437K, capacity 2610K, committed 2688K, reserved 1048576K
}
Event: 2.858 GC heap after
{Heap after GC invocations=4 (full 0):
 garbage-first heap   total 131072K, used 8893K [0x0000000081c00000, 0x0000000100000000)
  region size 1024K, 3 young (3072K), 3 survivors (3072K)
 Metaspace       used 20767K, capacity 21172K, committed 21296K, reserved 1069056K
  class space    used 2437K, capacity 2610K, committed 2688K, reserved 1048576K
}
Event: 4.048 GC heap before
{Heap before GC invocations=5 (full 0):
 garbage-first heap   total 131072K, used 51901K [0x0000000081c00000, 0x0000000100000000)
  region size 1024K, 46 young (47104K), 3 survivors (3072K)
 Metaspace       used 26402K, capacity 27012K, committed 27056K, reserved 1073152K
  class space    used 3083K, capacity 3319K, committed 3328K, reserved 1048576K
}
Event: 4.056 GC heap after
{Heap after GC invocations=6 (full 0):
 garbage-first heap   total 131072K, used 10792K [0x0000000081c00000, 0x0000000100000000)
  region size 1024K, 5 young (5120K), 5 survivors (5120K)
 Metaspace       used 26402K, capacity 27012K, committed 27056K, reserved 1073152K
  class space    used 3083K, capacity 3319K, committed 3328K, reserved 1048576K
}
Event: 7.466 GC heap before
{Heap before GC invocations=6 (full 0):
 garbage-first heap   total 131072K, used 68136K [0x0000000081c00000, 0x0000000100000000)
  region size 1024K, 61 young (62464K), 5 survivors (5120K)
 Metaspace       used 31850K, capacity 32648K, committed 32816K, reserved 1077248K
  class space    used 3808K, capacity 4135K, committed 4224K, reserved 1048576K
}

Deoptimization events (10 events):
Event: 5.377 Thread 0x000002365f942800 Uncommon trap: reason=class_check action=maybe_recompile pc=0x000002366eb8beac method=org.springframework.util.ConcurrentReferenceHashMap$Segment.findInChain(Lorg/springframework/util/ConcurrentReferenceHashMap$Reference;Ljava/lang/Object;I)Lorg/springfra
Event: 6.094 Thread 0x000002365f942800 Uncommon trap: reason=class_check action=maybe_recompile pc=0x000002366eb8beac method=org.springframework.util.ConcurrentReferenceHashMap$Segment.findInChain(Lorg/springframework/util/ConcurrentReferenceHashMap$Reference;Ljava/lang/Object;I)Lorg/springfra
Event: 6.097 Thread 0x000002365f942800 Uncommon trap: reason=class_check action=maybe_recompile pc=0x000002366eb8beac method=org.springframework.util.ConcurrentReferenceHashMap$Segment.findInChain(Lorg/springframework/util/ConcurrentReferenceHashMap$Reference;Ljava/lang/Object;I)Lorg/springfra
Event: 6.182 Thread 0x000002365f942800 Uncommon trap: reason=class_check action=maybe_recompile pc=0x000002366eaa39d8 method=java.lang.String.equals(Ljava/lang/Object;)Z @ 8 c2
Event: 6.182 Thread 0x000002365f942800 Uncommon trap: reason=class_check action=maybe_recompile pc=0x000002366eaa39d8 method=java.lang.String.equals(Ljava/lang/Object;)Z @ 8 c2
Event: 6.182 Thread 0x000002365f942800 Uncommon trap: reason=class_check action=maybe_recompile pc=0x000002366eaa39d8 method=java.lang.String.equals(Ljava/lang/Object;)Z @ 8 c2
Event: 6.183 Thread 0x000002365f942800 Uncommon trap: reason=class_check action=maybe_recompile pc=0x000002366eaa39d8 method=java.lang.String.equals(Ljava/lang/Object;)Z @ 8 c2
Event: 6.236 Thread 0x000002365f942800 Uncommon trap: reason=unstable_if action=reinterpret pc=0x000002366eaf8d9c method=java.util.Arrays.equals([Ljava/lang/Object;[Ljava/lang/Object;)Z @ 44 c2
Event: 6.612 Thread 0x000002365f942800 Uncommon trap: reason=unstable_if action=reinterpret pc=0x000002366ebcbfc0 method=org.springframework.beans.factory.support.AbstractBeanFactory.isFactoryBean(Ljava/lang/String;Lorg/springframework/beans/factory/support/RootBeanDefinition;)Z @ 38 c2
Event: 6.876 Thread 0x000002365f942800 Uncommon trap: reason=unstable_if action=reinterpret pc=0x000002366ebd7350 method=org.springframework.core.ResolvableType$1.isAssignableFrom(Ljava/lang/Class;)Z @ 15 c2

Classes redefined (0 events):
No events

Internal exceptions (10 events):
Event: 3.453 Thread 0x000002367e751800 Exception <a 'java/lang/NoSuchMethodError'{0x0000000088baba30}: java.lang.invoke.DirectMethodHandle$Holder.invokeSpecial(Ljava/lang/Object;Ljava/lang/Object;IILjava/lang/Object;Ljava/lang/Object;Ljava/lang/Object;)Ljava/lang/Object;> (0x0000000088baba30) 
Event: 3.453 Thread 0x000002367e751800 Exception <a 'java/lang/NoSuchMethodError'{0x0000000088baefb8}: java.lang.invoke.DelegatingMethodHandle$Holder.reinvoke_L(Ljava/lang/Object;IILjava/lang/Object;Ljava/lang/Object;Ljava/lang/Object;)Ljava/lang/Object;> (0x0000000088baefb8) thrown at [./open
Event: 3.454 Thread 0x000002367e751800 Exception <a 'java/lang/NoSuchMethodError'{0x0000000088bb2e98}: java.lang.invoke.DirectMethodHandle$Holder.invokeStatic(Ljava/lang/Object;Ljava/lang/Object;Ljava/lang/Object;Ljava/lang/Object;I)Ljava/lang/Object;> (0x0000000088bb2e98) thrown at [./open/sr
Event: 3.930 Thread 0x000002365f942800 Exception <a 'java/lang/IncompatibleClassChangeError'{0x00000000872d7348}: Found class java.lang.Object, but interface was expected> (0x00000000872d7348) thrown at [./open/src/hotspot/share/interpreter/linkResolver.cpp, line 838]
Event: 4.254 Thread 0x000002367e751800 Exception <a 'java/lang/NoSuchMethodError'{0x00000000891ed290}: java.lang.invoke.DirectMethodHandle$Holder.invokeSpecial(Ljava/lang/Object;Ljava/lang/Object;)J> (0x00000000891ed290) thrown at [./open/src/hotspot/share/interpreter/linkResolver.cpp, line 77
Event: 4.259 Thread 0x000002367e751800 Exception <a 'java/lang/NoSuchMethodError'{0x00000000891f7640}: java.lang.invoke.DirectMethodHandle$Holder.invokeStatic(Ljava/lang/Object;Ljava/lang/Object;)J> (0x00000000891f7640) thrown at [./open/src/hotspot/share/interpreter/linkResolver.cpp, line 772
Event: 4.266 Thread 0x000002367e751800 Exception <a 'java/lang/NoSuchMethodError'{0x00000000891fa468}: java.lang.invoke.DirectMethodHandle$Holder.invokeStaticInit(Ljava/lang/Object;Ljava/lang/Object;)J> (0x00000000891fa468) thrown at [./open/src/hotspot/share/interpreter/linkResolver.cpp, line
Event: 4.269 Thread 0x000002367e751800 Exception <a 'java/lang/NoSuchMethodError'{0x0000000088f87380}: java.lang.invoke.DirectMethodHandle$Holder.invokeInterface(Ljava/lang/Object;Ljava/lang/Object;)J> (0x0000000088f87380) thrown at [./open/src/hotspot/share/interpreter/linkResolver.cpp, line 
Event: 4.270 Thread 0x000002367e751800 Exception <a 'java/lang/IncompatibleClassChangeError'{0x0000000088f8a118}: Found class java.lang.Object, but interface was expected> (0x0000000088f8a118) thrown at [./open/src/hotspot/share/interpreter/linkResolver.cpp, line 838]
Event: 4.292 Thread 0x000002367e751800 Exception <a 'java/lang/NoSuchMethodError'{0x0000000088ec6388}: java.lang.invoke.DirectMethodHandle$Holder.invokeVirtual(Ljava/lang/Object;Ljava/lang/Object;Ljava/lang/Object;Ljava/lang/Object;)Ljava/lang/Object;> (0x0000000088ec6388) thrown at [./open/sr

Events (10 events):
Event: 7.459 loading class org/springframework/asm/Handler done
Event: 7.460 loading class org/springframework/cglib/core/DebuggingClassWriter$1
Event: 7.460 loading class org/springframework/cglib/core/DebuggingClassWriter$1 done
Event: 7.463 loading class org/springframework/cglib/core/ClassNameReader
Event: 7.463 loading class org/springframework/cglib/core/ClassNameReader done
Event: 7.464 loading class org/springframework/cglib/core/ClassNameReader$EarlyExitException
Event: 7.464 loading class org/springframework/cglib/core/ClassNameReader$EarlyExitException done
Event: 7.464 loading class org/springframework/cglib/core/ClassNameReader$1
Event: 7.464 loading class org/springframework/cglib/core/ClassNameReader$1 done
Event: 7.466 Executing VM operation: G1CollectForAllocation


Dynamic libraries:
0x00007ff6efe50000 - 0x00007ff6efe5f000 	C:\Users\PC\Desktop\getirCase\jdk-11.0.16.1\bin\javaw.exe
0x00007ff8337a0000 - 0x00007ff833990000 	C:\WINDOWS\SYSTEM32\ntdll.dll
0x00007ff8326e0000 - 0x00007ff832792000 	C:\WINDOWS\System32\KERNEL32.DLL
0x00007ff831580000 - 0x00007ff831825000 	C:\WINDOWS\System32\KERNELBASE.dll
0x00007ff831390000 - 0x00007ff83148a000 	C:\WINDOWS\System32\ucrtbase.dll
0x00007ff81bd20000 - 0x00007ff81bd38000 	C:\Users\PC\Desktop\getirCase\jdk-11.0.16.1\bin\jli.dll
0x00007ff831950000 - 0x00007ff8319f3000 	C:\WINDOWS\System32\ADVAPI32.dll
0x00007ff833200000 - 0x00007ff83329e000 	C:\WINDOWS\System32\msvcrt.dll
0x00007ff831850000 - 0x00007ff8318e7000 	C:\WINDOWS\System32\sechost.dll
0x00007ff8332a0000 - 0x00007ff8333bf000 	C:\WINDOWS\System32\RPCRT4.dll
0x00007ff831de0000 - 0x00007ff831f74000 	C:\WINDOWS\System32\USER32.dll
0x00007ff8310e0000 - 0x00007ff831101000 	C:\WINDOWS\System32\win32u.dll
0x00007ff833700000 - 0x00007ff833726000 	C:\WINDOWS\System32\GDI32.dll
0x00007ff8307c0000 - 0x00007ff830958000 	C:\WINDOWS\System32\gdi32full.dll
0x00007ff8314e0000 - 0x00007ff83157e000 	C:\WINDOWS\System32\msvcp_win.dll
0x00007ff817820000 - 0x00007ff817835000 	C:\Users\PC\Desktop\getirCase\jdk-11.0.16.1\bin\VCRUNTIME140.dll
0x00007ff820820000 - 0x00007ff820aa4000 	C:\WINDOWS\WinSxS\amd64_microsoft.windows.common-controls_6595b64144ccf1df_6.0.18362.1556_none_9e7e372fe45e41d5\COMCTL32.dll
0x00007ff8333c0000 - 0x00007ff8336f6000 	C:\WINDOWS\System32\combase.dll
0x00007ff831300000 - 0x00007ff831381000 	C:\WINDOWS\System32\bcryptPrimitives.dll
0x00007ff827290000 - 0x00007ff82729a000 	C:\WINDOWS\SYSTEM32\VERSION.dll
0x00007ff832240000 - 0x00007ff83226e000 	C:\WINDOWS\System32\IMM32.DLL
0x00007ff81e580000 - 0x00007ff81e698000 	C:\Program Files (x86)\Citrix\ICA Client\epclient64.dll
0x00007ff82f500000 - 0x00007ff82f531000 	C:\WINDOWS\SYSTEM32\ntmarta.dll
0x00007ff814540000 - 0x00007ff8145db000 	C:\Users\PC\Desktop\getirCase\jdk-11.0.16.1\bin\msvcp140.dll
0x00007fffcf800000 - 0x00007fffd0318000 	C:\Users\PC\Desktop\getirCase\jdk-11.0.16.1\bin\server\jvm.dll
0x00007ff832940000 - 0x00007ff832948000 	C:\WINDOWS\System32\PSAPI.DLL
0x00007ff82f4f0000 - 0x00007ff82f4f9000 	C:\WINDOWS\SYSTEM32\WSOCK32.dll
0x00007ff832820000 - 0x00007ff83288f000 	C:\WINDOWS\System32\WS2_32.dll
0x00007ff82d350000 - 0x00007ff82d374000 	C:\WINDOWS\SYSTEM32\WINMM.dll
0x00007ff82cdf0000 - 0x00007ff82ce1d000 	C:\WINDOWS\SYSTEM32\WINMMBASE.dll
0x00007ff831490000 - 0x00007ff8314da000 	C:\WINDOWS\System32\cfgmgr32.dll
0x00007ff830680000 - 0x00007ff830691000 	C:\WINDOWS\System32\kernel.appcore.dll
0x00007ff82ab40000 - 0x00007ff82ab50000 	C:\Users\PC\Desktop\getirCase\jdk-11.0.16.1\bin\verify.dll
0x00007ff82f170000 - 0x00007ff82f364000 	C:\WINDOWS\SYSTEM32\DBGHELP.DLL
0x00007ff81d950000 - 0x00007ff81d97a000 	C:\WINDOWS\SYSTEM32\dbgcore.DLL
0x00007ff8177f0000 - 0x00007ff817818000 	C:\Users\PC\Desktop\getirCase\jdk-11.0.16.1\bin\java.dll
0x00007ff82a7d0000 - 0x00007ff82a7da000 	C:\Users\PC\Desktop\getirCase\jdk-11.0.16.1\bin\jimage.dll
0x00007ff816e70000 - 0x00007ff816e86000 	C:\Users\PC\Desktop\getirCase\jdk-11.0.16.1\bin\zip.dll
0x00007ff8329e0000 - 0x00007ff8330c7000 	C:\WINDOWS\System32\SHELL32.dll
0x00007ff832890000 - 0x00007ff832938000 	C:\WINDOWS\System32\shcore.dll
0x00007ff830960000 - 0x00007ff8310db000 	C:\WINDOWS\System32\windows.storage.dll
0x00007ff830660000 - 0x00007ff83067e000 	C:\WINDOWS\System32\profapi.dll
0x00007ff8306a0000 - 0x00007ff8306ea000 	C:\WINDOWS\System32\powrprof.dll
0x00007ff830650000 - 0x00007ff830660000 	C:\WINDOWS\System32\UMPDC.dll
0x000002365f820000 - 0x000002365f872000 	C:\WINDOWS\System32\shlwapi.dll
0x000002365f880000 - 0x000002365f897000 	C:\WINDOWS\System32\cryptsp.dll
0x00007ff815b80000 - 0x00007ff815b99000 	C:\Users\PC\Desktop\getirCase\jdk-11.0.16.1\bin\net.dll
0x00007ff82b200000 - 0x00007ff82b2fa000 	C:\WINDOWS\SYSTEM32\WINHTTP.dll
0x00007ff82fe40000 - 0x00007ff82fea7000 	C:\WINDOWS\system32\mswsock.dll
0x00007ff815920000 - 0x00007ff815932000 	C:\Users\PC\Desktop\getirCase\jdk-11.0.16.1\bin\nio.dll
0x00007ff820590000 - 0x00007ff820599000 	C:\Users\PC\Desktop\getirCase\jdk-11.0.16.1\bin\management.dll
0x00007ff81c600000 - 0x00007ff81c60b000 	C:\Users\PC\Desktop\getirCase\jdk-11.0.16.1\bin\management_ext.dll
0x00007ff81d1a0000 - 0x00007ff81d1b6000 	C:\WINDOWS\system32\napinsp.dll
0x00007ff81ce00000 - 0x00007ff81ce1a000 	C:\WINDOWS\system32\pnrpnsp.dll
0x00007ff82fc00000 - 0x00007ff82fccb000 	C:\WINDOWS\SYSTEM32\DNSAPI.dll
0x00007ff8329d0000 - 0x00007ff8329d8000 	C:\WINDOWS\System32\NSI.dll
0x00007ff82fb60000 - 0x00007ff82fb9a000 	C:\WINDOWS\SYSTEM32\IPHLPAPI.DLL
0x00007ff81cdf0000 - 0x00007ff81cdfe000 	C:\WINDOWS\System32\winrnr.dll
0x00007ff82b710000 - 0x00007ff82b72c000 	C:\WINDOWS\system32\NLAapi.dll
0x00007ff81cdd0000 - 0x00007ff81cde5000 	C:\WINDOWS\system32\wshbth.dll
0x00007ff825b80000 - 0x00007ff825b8a000 	C:\Windows\System32\rasadhlp.dll
0x00007ff829b50000 - 0x00007ff829bc7000 	C:\WINDOWS\System32\fwpuclnt.dll
0x00007ff8312d0000 - 0x00007ff8312f6000 	C:\WINDOWS\System32\bcrypt.dll

dbghelp: loaded successfully - version: 4.0.5 - missing functions: none
symbol engine: initialized successfully - sym options: 0x614 - pdb path: .;C:\Users\PC\Desktop\getirCase\jdk-11.0.16.1\bin;C:\WINDOWS\SYSTEM32;C:\WINDOWS\WinSxS\amd64_microsoft.windows.common-controls_6595b64144ccf1df_6.0.18362.1556_none_9e7e372fe45e41d5;C:\Program Files (x86)\Citrix\ICA Client;C:\Users\PC\Desktop\getirCase\jdk-11.0.16.1\bin\server

VM Arguments:
jvm_args: -Dfile.encoding=UTF-8 
java_command: com.example.demo.MainApplication
java_class_path (initial): C:\Users\PC\Desktop\getirCase\case\target\classes;C:\Users\PC\.m2\repository\org\springframework\boot\spring-boot-starter-data-jpa\2.7.7-SNAPSHOT\spring-boot-starter-data-jpa-2.7.7-SNAPSHOT.jar;C:\Users\PC\.m2\repository\org\springframework\boot\spring-boot-starter-aop\2.7.7-SNAPSHOT\spring-boot-starter-aop-2.7.7-SNAPSHOT.jar;C:\Users\PC\.m2\repository\org\aspectj\aspectjweaver\1.9.7\aspectjweaver-1.9.7.jar;C:\Users\PC\.m2\repository\org\springframework\boot\spring-boot-starter-jdbc\2.7.7-SNAPSHOT\spring-boot-starter-jdbc-2.7.7-SNAPSHOT.jar;C:\Users\PC\.m2\repository\com\zaxxer\HikariCP\4.0.3\HikariCP-4.0.3.jar;C:\Users\PC\.m2\repository\org\springframework\spring-jdbc\5.3.24\spring-jdbc-5.3.24.jar;C:\Users\PC\.m2\repository\jakarta\transaction\jakarta.transaction-api\1.3.3\jakarta.transaction-api-1.3.3.jar;C:\Users\PC\.m2\repository\jakarta\persistence\jakarta.persistence-api\2.2.3\jakarta.persistence-api-2.2.3.jar;C:\Users\PC\.m2\repository\org\hibernate\hibernate-core\5.6.14.Final\hibernate-core-5.6.14.Final.jar;C:\Users\PC\.m2\repository\org\jboss\logging\jboss-logging\3.4.3.Final\jboss-logging-3.4.3.Final.jar;C:\Users\PC\.m2\repository\net\bytebuddy\byte-buddy\1.12.19\byte-buddy-1.12.19.jar;C:\Users\PC\.m2\repository\antlr\antlr\2.7.7\antlr-2.7.7.jar;C:\Users\PC\.m2\repository\org\jboss\jandex\2.4.2.Final\jandex-2.4.2.Final.jar;C:\Users\PC\.m2\repository\com\fasterxml\classmate\1.5.1\classmate-1.5.1.jar;C:\Users\PC\.m2\repository\org\hibernate\common\hibernate-commons-annotations\5.1.2.Final\hibernate-commons-annotations-5.1.2.Final.jar;C:\Users\PC\.m2\repository\org\glassfish\jaxb\jaxb-runtime\2.3.7\jaxb-runtime-2.3.7.jar;C:\Users\PC\.m2\repository\org\glassfish\jaxb\txw2\2.3.7\txw2-2.3.7.jar;C:\Users\PC\.m2\repository\com\sun\istack\istack-commons-runtime\3.0.12\istack-commons-runtime-3.0.12.jar;C:\Users\PC\.m2\repository\com\sun\activation\jakarta.activation\1.2.2\jakarta.activation-1.2.2.jar;C:\Users\PC\.m2\repository\org\spring
Launcher Type: SUN_STANDARD

[Global flags]
     intx CICompilerCount                          = 3                                         {product} {ergonomic}
     uint ConcGCThreads                            = 1                                         {product} {ergonomic}
     uint G1ConcRefinementThreads                  = 4                                         {product} {ergonomic}
   size_t G1HeapRegionSize                         = 1048576                                   {product} {ergonomic}
    uintx GCDrainStackTargetSize                   = 64                                        {product} {ergonomic}
   size_t InitialHeapSize                          = 134217728                                 {product} {ergonomic}
   size_t MarkStackSize                            = 4194304                                   {product} {ergonomic}
   size_t MaxHeapSize                              = 2118123520                                {product} {ergonomic}
   size_t MaxNewSize                               = 1270874112                                {product} {ergonomic}
   size_t MinHeapDeltaBytes                        = 1048576                                   {product} {ergonomic}
    uintx NonNMethodCodeHeapSize                   = 5830732                                {pd product} {ergonomic}
    uintx NonProfiledCodeHeapSize                  = 122913754                              {pd product} {ergonomic}
    uintx ProfiledCodeHeapSize                     = 122913754                              {pd product} {ergonomic}
    uintx ReservedCodeCacheSize                    = 251658240                              {pd product} {ergonomic}
     bool SegmentedCodeCache                       = true                                      {product} {ergonomic}
     bool UseCompressedClassPointers               = true                                 {lp64_product} {ergonomic}
     bool UseCompressedOops                        = true                                 {lp64_product} {ergonomic}
     bool UseG1GC                                  = true                                      {product} {ergonomic}
     bool UseLargePagesIndividualAllocation        = false                                  {pd product} {ergonomic}

Logging:
Log output configuration:
 #0: stdout all=warning uptime,level,tags
 #1: stderr all=off uptime,level,tags

Environment Variables:
PATH=C:/Program Files/Java/jre1.8.0_191/bin/server;C:/Program Files/Java/jre1.8.0_191/bin;C:/Program Files/Java/jre1.8.0_191/lib/amd64;C:\oraclexe\app\oracle\product\11.2.0\server\bin;C:\Anaconda3;C:\Anaconda3\Library\mingw-w64\bin;C:\Anaconda3\Library\usr\bin;C:\Anaconda3\Library\bin;C:\Anaconda3\Scripts;C:\Program Files (x86)\Common Files\Oracle\Java\javapath;C:\WINDOWS\system32;C:\WINDOWS;C:\WINDOWS\System32\Wbem;C:\WINDOWS\System32\WindowsPowerShell\v1.0\;C:\WINDOWS\System32\OpenSSH\;C:\Program Files\Microsoft SQL Server\130\Tools\Binn\;C:\Program Files\Java\jdk-13.0.1;C:\ProgramData\chocolatey\bin;C:\Program Files\Git\cmd;C:\ProgramData\chocolatey\lib\maven\apache-maven-3.6.3\bin;C:\Program Files\Java\jdk1.8.0_192\bin;C:\Users\PC\AppData\Local\Microsoft\WindowsApps;;C:\Users\PC\AppData\Local\Programs\Microsoft VS Code\bin;C:\eclipse;
USERNAME=Oz
OS=Windows_NT
PROCESSOR_IDENTIFIER=Intel64 Family 6 Model 69 Stepping 1, GenuineIntel



---------------  S Y S T E M  ---------------

OS: Windows 10 , 64 bit Build 18362 (10.0.18362.1500)
Hyper-V role detected

CPU:total 4 (initial active 4) (2 cores per cpu, 2 threads per core) family 6 model 69 stepping 1 microcode 0x26, cmov, cx8, fxsr, mmx, sse, sse2, sse3, ssse3, sse4.1, sse4.2, popcnt, avx, avx2, aes, clmul, erms, lzcnt, ht, tsc, tscinvbit, bmi1, bmi2, fma

Memory: 4k page, system-wide physical 8075M (878M free)
TotalPageFile size 11763M (AvailPageFile size 6M)
current process WorkingSet (physical memory assigned to process): 198M, peak: 201M
current process commit charge ("private bytes"): 286M, peak: 316M

vm_info: Java HotSpot(TM) 64-Bit Server VM (11.0.16.1+1-LTS-1) for windows-amd64 JRE (11.0.16.1+1-LTS-1), built on Aug 16 2022 01:46:01 by "mach5one" with MS VC++ 15.9 (VS2017)

END.
